[0m15:31:23.821492 [debug] [MainThread]: Got an exception trying to initialize tracking


============================== 15:31:23.912113 | c5e554a3-10dc-4002-bdcb-fda662999f23 ==============================
[0m15:31:23.912113 [info ] [MainThread]: Running with dbt=1.11.7
[0m15:31:23.913085 [debug] [MainThread]: running dbt with arguments {'static_parser': 'True', 'no_print': 'None', 'version_check': 'True', 'target_path': 'None', 'warn_error_options': 'WarnErrorOptionsV2(error=[], warn=[], silence=[])', 'printer_width': '80', 'write_json': 'True', 'empty': 'None', 'log_cache_events': 'False', 'introspect': 'True', 'cache_selected_only': 'False', 'log_format': 'default', 'debug': 'False', 'fail_fast': 'False', 'profiles_dir': 'C:\\Users\\Diacto\\.dbt', 'send_anonymous_usage_stats': 'True', 'quiet': 'False', 'warn_error': 'None', 'partial_parse': 'True', 'invocation_command': 'dbt init', 'use_colors': 'True', 'indirect_selection': 'eager', 'use_experimental_parser': 'False', 'log_path': 'logs'}
[0m15:31:25.538647 [error] [MainThread]: Encountered an error:

[0m15:31:25.544543 [error] [MainThread]: Traceback (most recent call last):
  File "D:\gitstudentrepo\dbt-student-repo-course\.venv\Lib\site-packages\dbt\cli\requires.py", line 182, in wrapper
    result, success = func(*args, **kwargs)
                      ~~~~^^^^^^^^^^^^^^^^^
  File "D:\gitstudentrepo\dbt-student-repo-course\.venv\Lib\site-packages\dbt\cli\requires.py", line 128, in wrapper
    return func(*args, **kwargs)
  File "D:\gitstudentrepo\dbt-student-repo-course\.venv\Lib\site-packages\dbt\cli\main.py", line 483, in init
    results = task.run()
  File "D:\gitstudentrepo\dbt-student-repo-course\.venv\Lib\site-packages\dbt\task\init.py", line 324, in run
    project_name = self.get_valid_project_name()
  File "D:\gitstudentrepo\dbt-student-repo-course\.venv\Lib\site-packages\dbt\task\init.py", line 278, in get_valid_project_name
    name = click.prompt("Enter a name for your project (letters, digits, underscore)")
  File "D:\gitstudentrepo\dbt-student-repo-course\.venv\Lib\site-packages\click\termui.py", line 171, in prompt
    value = prompt_func(prompt)
  File "D:\gitstudentrepo\dbt-student-repo-course\.venv\Lib\site-packages\click\termui.py", line 154, in prompt_func
    raise Abort() from None
click.exceptions.Abort

[0m15:31:25.547767 [debug] [MainThread]: Command `dbt init` failed at 15:31:25.547291 after 1.81 seconds
[0m15:31:25.548705 [debug] [MainThread]: Flushing usage events
[0m15:31:42.719876 [debug] [MainThread]: Got an exception trying to initialize tracking


============================== 15:31:42.804553 | 8ef627ee-6c1b-4ef8-ac75-1da90d2dfbe7 ==============================
[0m15:31:42.804553 [info ] [MainThread]: Running with dbt=1.11.7
[0m15:31:42.805468 [debug] [MainThread]: running dbt with arguments {'static_parser': 'True', 'no_print': 'None', 'version_check': 'True', 'warn_error_options': 'WarnErrorOptionsV2(error=[], warn=[], silence=[])', 'target_path': 'None', 'printer_width': '80', 'write_json': 'True', 'empty': 'None', 'log_cache_events': 'False', 'introspect': 'True', 'cache_selected_only': 'False', 'log_format': 'default', 'debug': 'False', 'fail_fast': 'False', 'profiles_dir': 'C:\\Users\\Diacto\\.dbt', 'send_anonymous_usage_stats': 'True', 'quiet': 'False', 'warn_error': 'None', 'partial_parse': 'True', 'indirect_selection': 'eager', 'use_colors': 'True', 'invocation_command': 'dbt init --skip-profile-setup airbnb', 'use_experimental_parser': 'False', 'log_path': 'logs'}
[0m15:31:42.830217 [debug] [MainThread]: Starter project path: D:\gitstudentrepo\dbt-student-repo-course\.venv\Lib\site-packages\dbt\include\starter_project
[0m15:31:42.856603 [info ] [MainThread]: 
Your new dbt project "airbnb" was created!

For more information on how to configure the profiles.yml file,
please consult the dbt documentation here:

  https://docs.getdbt.com/docs/configure-your-profile

One more thing:

Need help? Don't hesitate to reach out to us via GitHub issues or on Slack:

  https://community.getdbt.com/

Happy modeling!

[0m15:31:42.858135 [debug] [MainThread]: Command `dbt init` succeeded at 15:31:42.857950 after 0.22 seconds
[0m15:31:42.858690 [debug] [MainThread]: Flushing usage events
[0m11:54:20.598910 [debug] [MainThread]: Got an exception trying to initialize tracking


============================== 11:54:20.678536 | 2ca79314-2971-49d5-a215-b973195770ae ==============================
[0m11:54:20.678536 [info ] [MainThread]: Running with dbt=1.11.7
[0m11:54:20.679980 [debug] [MainThread]: running dbt with arguments {'static_parser': 'True', 'no_print': 'None', 'version_check': 'True', 'target_path': 'None', 'warn_error_options': 'WarnErrorOptionsV2(error=[], warn=[], silence=[])', 'printer_width': '80', 'write_json': 'True', 'empty': 'None', 'log_cache_events': 'False', 'introspect': 'True', 'cache_selected_only': 'False', 'fail_fast': 'False', 'debug': 'False', 'log_format': 'default', 'partial_parse': 'True', 'send_anonymous_usage_stats': 'True', 'quiet': 'False', 'warn_error': 'None', 'profiles_dir': 'C:\\Users\\Diacto\\.dbt', 'use_colors': 'True', 'indirect_selection': 'eager', 'invocation_command': 'dbt debug', 'use_experimental_parser': 'False', 'log_path': 'logs'}
[0m11:54:20.702015 [info ] [MainThread]: dbt version: 1.11.7
[0m11:54:20.702773 [info ] [MainThread]: python version: 3.13.5
[0m11:54:20.703415 [info ] [MainThread]: python path: D:\gitstudentrepo\dbt-student-repo-course\.venv\Scripts\python.exe
[0m11:54:20.703977 [info ] [MainThread]: os info: Windows-11-10.0.26200-SP0
[0m11:54:20.709987 [info ] [MainThread]: Error importing adapter: No module named 'dbt.adapters.databricks'
[0m11:54:20.711060 [info ] [MainThread]: Using profiles dir at C:\Users\Diacto\.dbt
[0m11:54:20.712152 [info ] [MainThread]: Using profiles.yml file at C:\Users\Diacto\.dbt\profiles.yml
[0m11:54:20.713197 [info ] [MainThread]: Using dbt_project.yml file at D:\gitstudentrepo\dbt-student-repo-course\dbt_project.yml
[0m11:54:20.714012 [info ] [MainThread]: Configuration:
[0m11:54:20.714824 [info ] [MainThread]:   profiles.yml file [[31mERROR invalid[0m]
[0m11:54:20.715530 [info ] [MainThread]:   dbt_project.yml file [[31mERROR not found[0m]
[0m11:54:20.716159 [info ] [MainThread]: Required dependencies:
[0m11:54:20.716808 [debug] [MainThread]: Executing "git --help"
[0m11:54:20.781587 [debug] [MainThread]: STDOUT: "b"usage: git [-v | --version] [-h | --help] [-C <path>] [-c <name>=<value>]\n           [--exec-path[=<path>]] [--html-path] [--man-path] [--info-path]\n           [-p | --paginate | -P | --no-pager] [--no-replace-objects] [--no-lazy-fetch]\n           [--no-optional-locks] [--no-advice] [--bare] [--git-dir=<path>]\n           [--work-tree=<path>] [--namespace=<name>] [--config-env=<name>=<envvar>]\n           <command> [<args>]\n\nThese are common Git commands used in various situations:\n\nstart a working area (see also: git help tutorial)\n   clone      Clone a repository into a new directory\n   init       Create an empty Git repository or reinitialize an existing one\n\nwork on the current change (see also: git help everyday)\n   add        Add file contents to the index\n   mv         Move or rename a file, a directory, or a symlink\n   restore    Restore working tree files\n   rm         Remove files from the working tree and from the index\n\nexamine the history and state (see also: git help revisions)\n   bisect     Use binary search to find the commit that introduced a bug\n   diff       Show changes between commits, commit and working tree, etc\n   grep       Print lines matching a pattern\n   log        Show commit logs\n   show       Show various types of objects\n   status     Show the working tree status\n\ngrow, mark and tweak your common history\n   backfill   Download missing objects in a partial clone\n   branch     List, create, or delete branches\n   commit     Record changes to the repository\n   merge      Join two or more development histories together\n   rebase     Reapply commits on top of another base tip\n   reset      Reset current HEAD to the specified state\n   switch     Switch branches\n   tag        Create, list, delete or verify a tag object signed with GPG\n\ncollaborate (see also: git help workflows)\n   fetch      Download objects and refs from another repository\n   pull       Fetch from and integrate with another repository or a local branch\n   push       Update remote refs along with associated objects\n\n'git help -a' and 'git help -g' list available subcommands and some\nconcept guides. See 'git help <command>' or 'git help <concept>'\nto read about a specific subcommand or concept.\nSee 'git help git' for an overview of the system.\n""
[0m11:54:20.782167 [debug] [MainThread]: STDERR: "b''"
[0m11:54:20.782625 [info ] [MainThread]:  - git [[32mOK found[0m]

[0m11:54:20.783233 [info ] [MainThread]: Connection test skipped since no profile was found
[0m11:54:20.783850 [info ] [MainThread]: [31m2 checks failed:[0m
[0m11:54:20.784416 [info ] [MainThread]: Could not load dbt_project.yml
Profile loading failed for the following reason:
Runtime Error
  Credentials in profile "learn_dbt", target "dev" invalid: Runtime Error
    Could not find adapter type databricks!


[0m11:54:20.785103 [info ] [MainThread]: Project loading failed for the following reason:
 project path <D:\gitstudentrepo\dbt-student-repo-course\dbt_project.yml> not found

[0m11:54:20.786271 [debug] [MainThread]: Command `dbt debug` failed at 11:54:20.786106 after 0.28 seconds
[0m11:54:20.786673 [debug] [MainThread]: Flushing usage events
